  CameraBase.cpp
  Collider.cpp
  EntityBase.cpp
  GraphicsManager.cpp
c:\users\melvin won\desktop\sp2\sp3-team-d4\common\source\graphicsmanager.cpp(2): fatal error C1083: Cannot open include file: 'GL\glew.h': No such file or directory
  KeyboardController.cpp
  LightBase.cpp
  LoadOBJ.cpp
  LoadTGA.cpp
c:\users\melvin won\desktop\sp2\sp3-team-d4\common\source\loadtga.cpp(4): fatal error C1083: Cannot open include file: 'GL\glew.h': No such file or directory
  MathUtility.cpp
  MatrixStack.cpp
  Mesh.cpp
c:\users\melvin won\desktop\sp2\sp3-team-d4\common\source\mesh.cpp(3): fatal error C1083: Cannot open include file: 'GL\glew.h': No such file or directory
  MeshBuilder.cpp
c:\users\melvin won\desktop\sp2\sp3-team-d4\common\source\meshbuilder.cpp(3): fatal error C1083: Cannot open include file: 'GL\glew.h': No such file or directory
  MouseController.cpp
  Mtx44.cpp
  RenderHelper.cpp
  SceneManager.cpp
  ShaderProgram.cpp
c:\users\melvin won\desktop\sp2\sp3-team-d4\common\source\shaderprogram.cpp(2): fatal error C1083: Cannot open include file: 'GL\glew.h': No such file or directory
  timer.cpp
  Utility.cpp
  Vector2.cpp
  Compiling...
  Vector3.cpp
  Win32Input.cpp
