c:\users\user\documents\github\sp3-team-d4\common\release\common.pdb
c:\users\user\documents\github\sp3-team-d4\common\release\vector2.obj
c:\users\user\documents\github\sp3-team-d4\common\release\utility.obj
c:\users\user\documents\github\sp3-team-d4\common\release\timer.obj
c:\users\user\documents\github\sp3-team-d4\common\release\scenemanager.obj
c:\users\user\documents\github\sp3-team-d4\common\release\renderhelper.obj
c:\users\user\documents\github\sp3-team-d4\common\release\mtx44.obj
c:\users\user\documents\github\sp3-team-d4\common\release\mousecontroller.obj
c:\users\user\documents\github\sp3-team-d4\common\release\matrixstack.obj
c:\users\user\documents\github\sp3-team-d4\common\release\mathutility.obj
c:\users\user\documents\github\sp3-team-d4\common\release\loadobj.obj
c:\users\user\documents\github\sp3-team-d4\common\release\lightbase.obj
c:\users\user\documents\github\sp3-team-d4\common\release\keyboardcontroller.obj
c:\users\user\documents\github\sp3-team-d4\common\release\entitybase.obj
c:\users\user\documents\github\sp3-team-d4\common\release\collider.obj
c:\users\user\documents\github\sp3-team-d4\common\release\camerabase.obj
c:\users\user\documents\github\sp3-team-d4\common\release\win32input.obj
c:\users\user\documents\github\sp3-team-d4\common\release\vector3.obj
c:\users\user\documents\github\sp3-team-d4\common\release\shaderprogram.obj
c:\users\user\documents\github\sp3-team-d4\common\release\meshbuilder.obj
c:\users\user\documents\github\sp3-team-d4\common\release\mesh.obj
c:\users\user\documents\github\sp3-team-d4\common\release\loadtga.obj
c:\users\user\documents\github\sp3-team-d4\common\release\graphicsmanager.obj
c:\users\user\documents\github\sp3-team-d4\common\release\gamepadxbox.obj
c:\users\user\documents\github\sp3-team-d4\release\common.lib
c:\users\user\documents\github\sp3-team-d4\common\release\common.tlog\cl.command.1.tlog
c:\users\user\documents\github\sp3-team-d4\common\release\common.tlog\cl.read.1.tlog
c:\users\user\documents\github\sp3-team-d4\common\release\common.tlog\cl.write.1.tlog
c:\users\user\documents\github\sp3-team-d4\common\release\common.tlog\lib-link.read.1.tlog
c:\users\user\documents\github\sp3-team-d4\common\release\common.tlog\lib-link.write.1.tlog
c:\users\user\documents\github\sp3-team-d4\common\release\common.tlog\lib.command.1.tlog
