c:\users\user\documents\github\sp3-team-d4\release\base.ipdb
c:\users\user\documents\github\sp3-team-d4\release\base.iobj
c:\users\user\documents\github\sp3-team-d4\base\release\vc141.pdb
c:\users\user\documents\github\sp3-team-d4\base\release\treasurechest.obj
c:\users\user\documents\github\sp3-team-d4\base\release\strategy_kill.obj
c:\users\user\documents\github\sp3-team-d4\base\release\strategy.obj
c:\users\user\documents\github\sp3-team-d4\base\release\map.obj
c:\users\user\documents\github\sp3-team-d4\base\release\goodiesfactory.obj
c:\users\user\documents\github\sp3-team-d4\base\release\goodies.obj
c:\users\user\documents\github\sp3-team-d4\base\release\enemy.obj
c:\users\user\documents\github\sp3-team-d4\base\release\animation.obj
c:\users\user\documents\github\sp3-team-d4\base\release\projectile.obj
c:\users\user\documents\github\sp3-team-d4\base\release\playerinfo.obj
c:\users\user\documents\github\sp3-team-d4\base\release\objmesh.obj
c:\users\user\documents\github\sp3-team-d4\base\release\light.obj
c:\users\user\documents\github\sp3-team-d4\base\release\groundentity.obj
c:\users\user\documents\github\sp3-team-d4\base\release\genericentity.obj
c:\users\user\documents\github\sp3-team-d4\base\release\fpscamera.obj
c:\users\user\documents\github\sp3-team-d4\base\release\entitymanager.obj
c:\users\user\documents\github\sp3-team-d4\base\release\weaponinfo.obj
c:\users\user\documents\github\sp3-team-d4\base\release\pistol.obj
c:\users\user\documents\github\sp3-team-d4\base\release\textentity.obj
c:\users\user\documents\github\sp3-team-d4\base\release\spriteentity.obj
c:\users\user\documents\github\sp3-team-d4\base\release\skyboxentity.obj
c:\users\user\documents\github\sp3-team-d4\base\release\hearts.obj
c:\users\user\documents\github\sp3-team-d4\base\release\axeenemy.obj
c:\users\user\documents\github\sp3-team-d4\base\release\uibutton.obj
c:\users\user\documents\github\sp3-team-d4\base\release\strategy_shoot.obj
c:\users\user\documents\github\sp3-team-d4\base\release\slash.obj
c:\users\user\documents\github\sp3-team-d4\base\release\userinterface.obj
c:\users\user\documents\github\sp3-team-d4\base\release\soundengine.obj
c:\users\user\documents\github\sp3-team-d4\base\release\scenetext.obj
c:\users\user\documents\github\sp3-team-d4\base\release\scene2d.obj
c:\users\user\documents\github\sp3-team-d4\base\release\playerinfo2d.obj
c:\users\user\documents\github\sp3-team-d4\base\release\animationslash.obj
c:\users\user\documents\github\sp3-team-d4\base\release\animationhearts.obj
c:\users\user\documents\github\sp3-team-d4\base\release\animationcrystal.obj
c:\users\user\documents\github\sp3-team-d4\base\release\animationaxe.obj
c:\users\user\documents\github\sp3-team-d4\base\release\main.obj
c:\users\user\documents\github\sp3-team-d4\base\release\application.obj
c:\users\user\documents\github\sp3-team-d4\base\release\e_button.obj
c:\users\user\documents\github\sp3-team-d4\base\release\animationbutton.obj
c:\users\user\documents\github\sp3-team-d4\release\base.exe
c:\users\user\documents\github\sp3-team-d4\release\base.pdb
c:\users\user\documents\github\sp3-team-d4\base\release\base.res
c:\users\user\documents\github\sp3-team-d4\base\release\base.tlog\base.write.1u.tlog
c:\users\user\documents\github\sp3-team-d4\base\release\base.tlog\cl.command.1.tlog
c:\users\user\documents\github\sp3-team-d4\base\release\base.tlog\cl.read.1.tlog
c:\users\user\documents\github\sp3-team-d4\base\release\base.tlog\cl.write.1.tlog
c:\users\user\documents\github\sp3-team-d4\base\release\base.tlog\link.command.1.tlog
c:\users\user\documents\github\sp3-team-d4\base\release\base.tlog\link.read.1.tlog
c:\users\user\documents\github\sp3-team-d4\base\release\base.tlog\link.write.1.tlog
c:\users\user\documents\github\sp3-team-d4\base\release\base.tlog\rc.command.1.tlog
c:\users\user\documents\github\sp3-team-d4\base\release\base.tlog\rc.read.1.tlog
c:\users\user\documents\github\sp3-team-d4\base\release\base.tlog\rc.write.1.tlog
